2025-08-30 03:23:33 [INFO] __main__: APIキーが設定されています。
2025-08-30 03:23:39 [INFO] __main__: APIキーが設定されています。
2025-08-30 03:24:47 [INFO] __main__: APIキーが設定されています。
2025-08-30 03:25:19 [INFO] __main__: APIキーが設定されています。
2025-08-30 03:25:39 [INFO] __main__: APIキーが設定されています。
2025-08-30 03:27:55 [INFO] __main__: APIキーが設定されています。
2025-08-30 03:30:46 [INFO] __main__: APIキーが設定されています。
2025-08-30 03:30:58 [INFO] __main__: 回答: Pythonにおけるイテレータ（iterator）は、要素を順番に一つずつ取得するためのオブジェクトのことです。イテレータは、データの集合を効率的に扱うためのインターフェースを提供し、特にメモリを節約しながら非常に大きなデータセットを扱う際に便利です。

### イテレータの基本要素

1. **`__iter__`メソッド**: イテレータオブジェクト自身を返します。このメソッドを呼び出すことによって、そのオブジェクトがイテレータであることを示します。

2. **`__next__`メソッド**: 次の要素を返します。要素がもうない場合は`StopIteration`例外を発生させます。

### イテレータの例

Pythonでは、リストやタプル、辞書、集合などのデータ構造は自動的にイテラブルであり、それらを使ってイテレータを作成することができます。

以下は、リストからイテレータを生成して用いる簡単な例です。

```python
# リストの作成
my_list = [1, 2, 3, 4, 5]

# イテレータを生成
my_iterator = iter(my_list)

# イテレータから要素を取得
print(next(my_iterator))  # 出力: 1
print(next(my_iterator))  # 出力: 2

# すべての要素を取得する例
for item in my_iterator:
    print(item)  # 出力: 3, 4, 5
```

### `for`ループとイテレータ

Pythonの`for`ループは内部的にイテレータを使っており、`iter()`関数を使ってイテレータを取得し、`next()`関数を使って次の要素を取得します。このため、`for`ループを使用することで、簡単にイテレータを扱うことができます。

イテレータは特に大規模なデータセットを遍歴する際に便利で、必要な要素だけを生成しながら、全てをメモリに保持する必要がないため、効率的です。
2025-08-30 03:35:42 [INFO] __main__: APIキーが設定されています。
2025-08-30 03:36:57 [INFO] __main__: APIキーが設定されています。
2025-08-30 03:37:03 [INFO] __main__: 回答: アレキサンダー大王
2025-08-30 03:37:14 [INFO] __main__: APIキーが設定されています。
2025-08-30 03:37:20 [INFO] __main__: ガリレオ・ガリレイ
